# JRE version: OpenJDK Runtime Environment Temurin-17.0.17+10 (17.0.17+10) (build 17.0.17+10)
# Java VM: OpenJDK 64-Bit Server VM Temurin-17.0.17+10 (17.0.17+10, mixed mode, sharing, tiered, compressed oops, compressed class ptrs, g1 gc, windows-amd64)
GC Precious Log:
 CPUs: 8 total, 8 available
 Memory: 8070M
 Large Page Support: Disabled
 NUMA Support: Disabled
 Compressed Oops: Enabled (32-bit)
 Heap Region Size: 1M
 Heap Min Capacity: 8M
 Heap Initial Capacity: 128M
 Heap Max Capacity: 2018M
 Pre-touch: Disabled
 Parallel Workers: 8
 Concurrent Workers: 2
 Concurrent Refinement Workers: 8
 Periodic GC: Disabled
Heap:
 garbage-first heap   total 106496K, used 38040K [0x0000000081e00000, 0x0000000100000000)
  region size 1024K, 9 young (9216K), 1 survivors (1024K)
 Metaspace       used 33525K, committed 33920K, reserved 1114112K
  class space    used 4214K, committed 4416K, reserved 1048576K
GC Heap History (20 events):
Event: 310.722 GC heap before
{Heap before GC invocations=27 (full 0):
 garbage-first heap   total 56320K, used 40486K [0x0000000081e00000, 0x0000000100000000)
  region size 1024K, 16 young (16384K), 1 survivors (1024K)
 Metaspace       used 33057K, committed 33408K, reserved 1114112K
  class space    used 4193K, committed 4352K, reserved 1048576K
}
Event: 310.726 GC heap after
{Heap after GC invocations=28 (full 0):
 garbage-first heap   total 56320K, used 29148K [0x0000000081e00000, 0x0000000100000000)
  region size 1024K, 2 young (2048K), 2 survivors (2048K)
 Metaspace       used 33057K, committed 33408K, reserved 1114112K
  class space    used 4193K, committed 4352K, reserved 1048576K
}
Event: 316.373 GC heap before
{Heap before GC invocations=29 (full 0):
 garbage-first heap   total 56320K, used 41436K [0x0000000081e00000, 0x0000000100000000)
  region size 1024K, 14 young (14336K), 2 survivors (2048K)
 Metaspace       used 33208K, committed 33664K, reserved 1114112K
  class space    used 4209K, committed 4416K, reserved 1048576K
}
Event: 316.377 GC heap after
{Heap after GC invocations=30 (full 0):
 garbage-first heap   total 56320K, used 30916K [0x0000000081e00000, 0x0000000100000000)
  region size 1024K, 2 young (2048K), 2 survivors (2048K)
 Metaspace       used 33208K, committed 33664K, reserved 1114112K
  class space    used 4209K, committed 4416K, reserved 1048576K
}
Event: 316.384 GC heap before
{Heap before GC invocations=30 (full 0):
 garbage-first heap   total 56320K, used 31940K [0x0000000081e00000, 0x0000000100000000)
  region size 1024K, 3 young (3072K), 2 survivors (2048K)
 Metaspace       used 33212K, committed 33664K, reserved 1114112K
  class space    used 4209K, committed 4416K, reserved 1048576K
}
Event: 316.388 GC heap after
{Heap after GC invocations=31 (full 0):
 garbage-first heap   total 56320K, used 29724K [0x0000000081e00000, 0x0000000100000000)
  region size 1024K, 1 young (1024K), 1 survivors (1024K)
 Metaspace       used 33212K, committed 33664K, reserved 1114112K
  class space    used 4209K, committed 4416K, reserved 1048576K
}
Event: 319.833 GC heap before
{Heap before GC invocations=31 (full 0):
 garbage-first heap   total 56320K, used 40988K [0x0000000081e00000, 0x0000000100000000)
  region size 1024K, 12 young (12288K), 1 survivors (1024K)
 Metaspace       used 33268K, committed 33664K, reserved 1114112K
  class space    used 4212K, committed 4416K, reserved 1048576K
}
Event: 319.837 GC heap after
{Heap after GC invocations=32 (full 0):
 garbage-first heap   total 56320K, used 32749K [0x0000000081e00000, 0x0000000100000000)
  region size 1024K, 2 young (2048K), 2 survivors (2048K)
 Metaspace       used 33268K, committed 33664K, reserved 1114112K
  class space    used 4212K, committed 4416K, reserved 1048576K
}
Event: 319.933 GC heap before
{Heap before GC invocations=33 (full 0):
 garbage-first heap   total 56320K, used 40941K [0x0000000081e00000, 0x0000000100000000)
  region size 1024K, 11 young (11264K), 2 survivors (2048K)
 Metaspace       used 33326K, committed 33728K, reserved 1114112K
  class space    used 4212K, committed 4416K, reserved 1048576K
}
Event: 319.937 GC heap after
{Heap after GC invocations=34 (full 0):
 garbage-first heap   total 56320K, used 34793K [0x0000000081e00000, 0x0000000100000000)
  region size 1024K, 2 young (2048K), 2 survivors (2048K)
 Metaspace       used 33326K, committed 33728K, reserved 1114112K
  class space    used 4212K, committed 4416K, reserved 1048576K
}
Event: 319.944 GC heap before
{Heap before GC invocations=34 (full 0):
 garbage-first heap   total 56320K, used 35817K [0x0000000081e00000, 0x0000000100000000)
  region size 1024K, 3 young (3072K), 2 survivors (2048K)
 Metaspace       used 33327K, committed 33728K, reserved 1114112K
  class space    used 4212K, committed 4416K, reserved 1048576K
}
Event: 319.947 GC heap after
{Heap after GC invocations=35 (full 0):
 garbage-first heap   total 56320K, used 30151K [0x0000000081e00000, 0x0000000100000000)
  region size 1024K, 1 young (1024K), 1 survivors (1024K)
 Metaspace       used 33327K, committed 33728K, reserved 1114112K
  class space    used 4212K, committed 4416K, reserved 1048576K
}
Event: 319.970 GC heap before
{Heap before GC invocations=35 (full 0):
 garbage-first heap   total 56320K, used 31175K [0x0000000081e00000, 0x0000000100000000)
  region size 1024K, 2 young (2048K), 1 survivors (1024K)
 Metaspace       used 33332K, committed 33728K, reserved 1114112K
  class space    used 4212K, committed 4416K, reserved 1048576K
}
Event: 319.974 GC heap after
{Heap after GC invocations=36 (full 0):
 garbage-first heap   total 56320K, used 29172K [0x0000000081e00000, 0x0000000100000000)
  region size 1024K, 1 young (1024K), 1 survivors (1024K)
 Metaspace       used 33332K, committed 33728K, reserved 1114112K
  class space    used 4212K, committed 4416K, reserved 1048576K
}
Event: 325.460 GC heap before
{Heap before GC invocations=36 (full 0):
 garbage-first heap   total 56320K, used 40436K [0x0000000081e00000, 0x0000000100000000)
  region size 1024K, 12 young (12288K), 1 survivors (1024K)
 Metaspace       used 33352K, committed 33728K, reserved 1114112K
  class space    used 4212K, committed 4416K, reserved 1048576K
}
Event: 325.462 GC heap after
{Heap after GC invocations=37 (full 0):
 garbage-first heap   total 153600K, used 29319K [0x0000000081e00000, 0x0000000100000000)
  region size 1024K, 1 young (1024K), 1 survivors (1024K)
 Metaspace       used 33352K, committed 33728K, reserved 1114112K
  class space    used 4212K, committed 4416K, reserved 1048576K
}
Event: 1204.814 GC heap before
{Heap before GC invocations=38 (full 0):
 garbage-first heap   total 106496K, used 88711K [0x0000000081e00000, 0x0000000100000000)
  region size 1024K, 60 young (61440K), 1 survivors (1024K)
 Metaspace       used 33525K, committed 33920K, reserved 1114112K
  class space    used 4214K, committed 4416K, reserved 1048576K
}
Event: 1204.939 GC heap after
{Heap after GC invocations=39 (full 0):
 garbage-first heap   total 106496K, used 34502K [0x0000000081e00000, 0x0000000100000000)
  region size 1024K, 7 young (7168K), 7 survivors (7168K)
 Metaspace       used 33525K, committed 33920K, reserved 1114112K
  class space    used 4214K, committed 4416K, reserved 1048576K
}
Event: 1244.209 GC heap before
{Heap before GC invocations=39 (full 0):
 garbage-first heap   total 106496K, used 35526K [0x0000000081e00000, 0x0000000100000000)
  region size 1024K, 8 young (8192K), 7 survivors (7168K)
 Metaspace       used 33525K, committed 33920K, reserved 1114112K
  class space    used 4214K, committed 4416K, reserved 1048576K
}
Event: 1244.260 GC heap after
{Heap after GC invocations=40 (full 0):
 garbage-first heap   total 106496K, used 30872K [0x0000000081e00000, 0x0000000100000000)
  region size 1024K, 1 young (1024K), 1 survivors (1024K)
 Metaspace       used 33525K, committed 33920K, reserved 1114112K
  class space    used 4214K, committed 4416K, reserved 1048576K
}

